<?xml version="1.0" encoding="UTF-8"?>
<testng-results ignored="0" total="5" passed="4" failed="1" skipped="0">
  <reporter-output>
  </reporter-output>
  <suite started-at="2026-01-29T11:30:34 IST" name="Default suite" finished-at="2026-01-29T11:35:08 IST" duration-ms="274217">
    <groups>
    </groups>
    <test started-at="2026-01-29T11:30:34 IST" name="Default test" finished-at="2026-01-29T11:35:08 IST" duration-ms="274217">
      <class name="sysappTest.TestLeadFlow">
        <test-method is-config="true" signature="setup()[pri:0, instance:sysappTest.TestLeadFlow@55536d9e]" started-at="2026-01-29T11:30:34 IST" name="setup" finished-at="2026-01-29T11:30:46 IST" duration-ms="12596" status="PASS">
          <reporter-output>
          </reporter-output>
        </test-method> <!-- setup -->
        <test-method signature="addLeadTest()[pri:1, instance:sysappTest.TestLeadFlow@55536d9e]" started-at="2026-01-29T11:30:46 IST" name="addLeadTest" finished-at="2026-01-29T11:30:53 IST" duration-ms="6850" status="PASS">
          <reporter-output>
          </reporter-output>
        </test-method> <!-- addLeadTest -->
        <test-method signature="searchLeadTest()[pri:2, instance:sysappTest.TestLeadFlow@55536d9e]" started-at="2026-01-29T11:30:53 IST" name="searchLeadTest" finished-at="2026-01-29T11:30:54 IST" depends-on-methods="sysappTest.TestLeadFlow.addLeadTest" duration-ms="1094" status="PASS">
          <reporter-output>
          </reporter-output>
        </test-method> <!-- searchLeadTest -->
        <test-method signature="editLeadTest()[pri:3, instance:sysappTest.TestLeadFlow@55536d9e]" started-at="2026-01-29T11:30:54 IST" name="editLeadTest" finished-at="2026-01-29T11:31:04 IST" depends-on-methods="sysappTest.TestLeadFlow.searchLeadTest" duration-ms="9345" status="PASS">
          <reporter-output>
          </reporter-output>
        </test-method> <!-- editLeadTest -->
        <test-method signature="advehicle()[pri:4, instance:sysappTest.TestLeadFlow@55536d9e]" started-at="2026-01-29T11:31:04 IST" name="advehicle" finished-at="2026-01-29T11:31:49 IST" depends-on-methods="sysappTest.TestLeadFlow.editLeadTest" duration-ms="45316" status="PASS">
          <reporter-output>
          </reporter-output>
        </test-method> <!-- advehicle -->
        <test-method signature="cretquot()[pri:5, instance:sysappTest.TestLeadFlow@55536d9e]" started-at="2026-01-29T11:31:49 IST" name="cretquot" finished-at="2026-01-29T11:35:08 IST" depends-on-methods="sysappTest.TestLeadFlow.advehicle" duration-ms="198955" status="FAIL">
          <exception class="org.openqa.selenium.TimeoutException">
            <message>
              <![CDATA[Expected condition failed: waiting for element to be clickable: By.xpath: //span[text()='BC'] (tried for 30 second(s) with 500 milliseconds interval)
Build info: version: '4.29.0', revision: '5fc1ec94cb'
System info: os.name: 'Linux', os.arch: 'amd64', os.version: '6.14.0-27-generic', java.version: '21.0.9'
Driver info: org.openqa.selenium.chrome.ChromeDriver
Capabilities {acceptInsecureCerts: false, browserName: chrome, browserVersion: 143.0.7499.169, chrome: {chromedriverVersion: 143.0.7499.192 (be2c1f4fd45..., userDataDir: /tmp/.org.chromium.Chromium...}, fedcm:accounts: true, goog:chromeOptions: {debuggerAddress: localhost:33293}, goog:processID: 17609, networkConnectionEnabled: false, pageLoadStrategy: normal, platformName: linux, proxy: Proxy(), se:cdp: ws://localhost:33293/devtoo..., se:cdpVersion: 143.0.7499.169, setWindowRect: true, strictFileInteractability: false, timeouts: {implicit: 0, pageLoad: 300000, script: 30000}, unhandledPromptBehavior: dismiss and notify, webauthn:extension:credBlob: true, webauthn:extension:largeBlob: true, webauthn:extension:minPinLength: true, webauthn:extension:prf: true, webauthn:virtualAuthenticators: true}
Session ID: e20416f15a3ac6dec1b1089b9f3a109f]]>
            </message>
            <full-stacktrace>
              <![CDATA[org.openqa.selenium.TimeoutException: Expected condition failed: waiting for element to be clickable: By.xpath: //span[text()='BC'] (tried for 30 second(s) with 500 milliseconds interval)
Build info: version: '4.29.0', revision: '5fc1ec94cb'
System info: os.name: 'Linux', os.arch: 'amd64', os.version: '6.14.0-27-generic', java.version: '21.0.9'
Driver info: org.openqa.selenium.chrome.ChromeDriver
Capabilities {acceptInsecureCerts: false, browserName: chrome, browserVersion: 143.0.7499.169, chrome: {chromedriverVersion: 143.0.7499.192 (be2c1f4fd45..., userDataDir: /tmp/.org.chromium.Chromium...}, fedcm:accounts: true, goog:chromeOptions: {debuggerAddress: localhost:33293}, goog:processID: 17609, networkConnectionEnabled: false, pageLoadStrategy: normal, platformName: linux, proxy: Proxy(), se:cdp: ws://localhost:33293/devtoo..., se:cdpVersion: 143.0.7499.169, setWindowRect: true, strictFileInteractability: false, timeouts: {implicit: 0, pageLoad: 300000, script: 30000}, unhandledPromptBehavior: dismiss and notify, webauthn:extension:credBlob: true, webauthn:extension:largeBlob: true, webauthn:extension:minPinLength: true, webauthn:extension:prf: true, webauthn:virtualAuthenticators: true}
Session ID: e20416f15a3ac6dec1b1089b9f3a109f
at org.openqa.selenium.support.ui.WebDriverWait.timeoutException(WebDriverWait.java:84)
at org.openqa.selenium.support.ui.FluentWait.until(FluentWait.java:228)
at sysappTest.CreateQuote.quotecreate(CreateQuote.java:46)
at sysappTest.TestLeadFlow.cretquot(TestLeadFlow.java:48)
at java.base/jdk.internal.reflect.DirectMethodHandleAccessor.invoke(DirectMethodHandleAccessor.java:103)
at java.base/java.lang.reflect.Method.invoke(Method.java:580)
at org.testng.internal.invokers.MethodInvocationHelper.invokeMethod(MethodInvocationHelper.java:141)
at org.testng.internal.invokers.TestInvoker.invokeMethod(TestInvoker.java:686)
at org.testng.internal.invokers.TestInvoker.invokeTestMethod(TestInvoker.java:230)
at org.testng.internal.invokers.MethodRunner.runInSequence(MethodRunner.java:63)
at org.testng.internal.invokers.TestInvoker$MethodInvocationAgent.invoke(TestInvoker.java:992)
at org.testng.internal.invokers.TestInvoker.invokeTestMethods(TestInvoker.java:203)
at org.testng.internal.invokers.TestMethodWorker.invokeTestMethods(TestMethodWorker.java:154)
at org.testng.internal.invokers.TestMethodWorker.run(TestMethodWorker.java:134)
at java.base/java.util.ArrayList.forEach(ArrayList.java:1596)
at org.testng.TestRunner.privateRun(TestRunner.java:739)
at org.testng.TestRunner.run(TestRunner.java:614)
at org.testng.SuiteRunner.runTest(SuiteRunner.java:421)
at org.testng.SuiteRunner.runSequentially(SuiteRunner.java:413)
at org.testng.SuiteRunner.privateRun(SuiteRunner.java:373)
at org.testng.SuiteRunner.run(SuiteRunner.java:312)
at org.testng.SuiteRunnerWorker.runSuite(SuiteRunnerWorker.java:52)
at org.testng.SuiteRunnerWorker.run(SuiteRunnerWorker.java:95)
at org.testng.TestNG.runSuitesSequentially(TestNG.java:1274)
at org.testng.TestNG.runSuitesLocally(TestNG.java:1208)
at org.testng.TestNG.runSuites(TestNG.java:1112)
at org.testng.TestNG.run(TestNG.java:1079)
at org.testng.remote.AbstractRemoteTestNG.run(AbstractRemoteTestNG.java:115)
at org.testng.remote.RemoteTestNG.initAndRun(RemoteTestNG.java:293)
at org.testng.remote.RemoteTestNG.main(RemoteTestNG.java:91)
]]>
            </full-stacktrace>
          </exception> <!-- org.openqa.selenium.TimeoutException -->
          <reporter-output>
          </reporter-output>
        </test-method> <!-- cretquot -->
      </class> <!-- sysappTest.TestLeadFlow -->
    </test> <!-- Default test -->
  </suite> <!-- Default suite -->
</testng-results>
